<?xml version="1.0" encoding="UTF-8"?><testrun name="Way2Automate" project="Way2Automate" tests="1" started="1" failures="0" errors="1" ignored="0">
  <testsuite name="com.Test.Usecases.RunnerTest" time="0.016">
    <testcase name="initializationError" classname="com.Test.Usecases.RunnerTest" time="0.016">
      <error>cucumber.runtime.DuplicateStepDefinitionException: Duplicate step definitions in com.Test.Usecases.OpenApplication.open_the_URL() in file:/E:/My%20Work/GIT_Way2Automate/WorkSpace/Way2Automate/target/test-classes/ and com.Test.Usecases.Login.open_the_URL() in file:/E:/My%20Work/GIT_Way2Automate/WorkSpace/Way2Automate/target/test-classes/&#13;
	at cucumber.runtime.RuntimeGlue.addStepDefinition(RuntimeGlue.java:33)&#13;
	at cucumber.runtime.java.JavaBackend.addStepDefinition(JavaBackend.java:151)&#13;
	at cucumber.runtime.java.MethodScanner.scan(MethodScanner.java:68)&#13;
	at cucumber.runtime.java.MethodScanner.scan(MethodScanner.java:41)&#13;
	at cucumber.runtime.java.JavaBackend.loadGlue(JavaBackend.java:86)&#13;
	at cucumber.runtime.Runtime.&lt;init&gt;(Runtime.java:92)&#13;
	at cucumber.runtime.Runtime.&lt;init&gt;(Runtime.java:70)&#13;
	at cucumber.runtime.Runtime.&lt;init&gt;(Runtime.java:66)&#13;
	at cucumber.api.junit.Cucumber.createRuntime(Cucumber.java:80)&#13;
	at cucumber.api.junit.Cucumber.&lt;init&gt;(Cucumber.java:59)&#13;
	at sun.reflect.NativeConstructorAccessorImpl.newInstance0(Native Method)&#13;
	at sun.reflect.NativeConstructorAccessorImpl.newInstance(Unknown Source)&#13;
	at sun.reflect.DelegatingConstructorAccessorImpl.newInstance(Unknown Source)&#13;
	at java.lang.reflect.Constructor.newInstance(Unknown Source)&#13;
	at org.junit.internal.builders.AnnotatedBuilder.buildRunner(AnnotatedBuilder.java:29)&#13;
	at org.junit.internal.builders.AnnotatedBuilder.runnerForClass(AnnotatedBuilder.java:21)&#13;
	at org.junit.runners.model.RunnerBuilder.safeRunnerForClass(RunnerBuilder.java:59)&#13;
	at org.junit.internal.builders.AllDefaultPossibilitiesBuilder.runnerForClass(AllDefaultPossibilitiesBuilder.java:26)&#13;
	at org.junit.runners.model.RunnerBuilder.safeRunnerForClass(RunnerBuilder.java:59)&#13;
	at org.junit.internal.requests.ClassRequest.getRunner(ClassRequest.java:26)&#13;
	at org.eclipse.jdt.internal.junit4.runner.JUnit4TestReference.&lt;init&gt;(JUnit4TestReference.java:33)&#13;
	at org.eclipse.jdt.internal.junit4.runner.JUnit4TestClassReference.&lt;init&gt;(JUnit4TestClassReference.java:25)&#13;
	at org.eclipse.jdt.internal.junit4.runner.JUnit4TestLoader.createTest(JUnit4TestLoader.java:48)&#13;
	at org.eclipse.jdt.internal.junit4.runner.JUnit4TestLoader.loadTests(JUnit4TestLoader.java:38)&#13;
	at org.eclipse.jdt.internal.junit.runner.RemoteTestRunner.runTests(RemoteTestRunner.java:444)&#13;
	at org.eclipse.jdt.internal.junit.runner.RemoteTestRunner.runTests(RemoteTestRunner.java:675)&#13;
	at org.eclipse.jdt.internal.junit.runner.RemoteTestRunner.run(RemoteTestRunner.java:382)&#13;
	at org.eclipse.jdt.internal.junit.runner.RemoteTestRunner.main(RemoteTestRunner.java:192)&#13;
&#13;
</error>
    </testcase>
  </testsuite>
</testrun>
